"xcrun clang -o conftest -I/System/Library/Frameworks/Ruby.framework/Versions/2.0/usr/include/ruby-2.0.0/universal-darwin15 -I/System/Library/Frameworks/Ruby.framework/Versions/2.0/usr/include/ruby-2.0.0/ruby/backward -I/System/Library/Frameworks/Ruby.framework/Versions/2.0/usr/include/ruby-2.0.0 -I. -D_XOPEN_SOURCE -D_DARWIN_C_SOURCE -D_DARWIN_UNLIMITED_SELECT -D_REENTRANT    -g -Os -pipe -DHAVE_GCC_SYNC_BUILTINS conftest.c  -L. -L/System/Library/Frameworks/Ruby.framework/Versions/2.0/usr/lib -L. -L/usr/local/lib   -arch x86_64 -arch i386   -lruby.2.0.0  -lpthread -ldl -lobjc "
/System/Library/Frameworks/Ruby.framework/Versions/2.0/usr/lib/ruby/2.0.0/mkmf.rb:373: warning: Insecure world writable dir /usr/local/bin in PATH, mode 040777
In file included from conftest.c:1:
In file included from /System/Library/Frameworks/Ruby.framework/Versions/2.0/usr/include/ruby-2.0.0/ruby.h:33:
/System/Library/Frameworks/Ruby.framework/Versions/2.0/usr/include/ruby-2.0.0/ruby/ruby.h:121:37: error: use of undeclared identifier 'SIZEOF_LONG'
typedef char ruby_check_sizeof_long[SIZEOF_LONG == sizeof(long) ? 1 : -1];
                                    ^
/System/Library/Frameworks/Ruby.framework/Versions/2.0/usr/include/ruby-2.0.0/ruby/ruby.h:125:38: error: use of undeclared identifier 'SIZEOF_LONG'
typedef char ruby_check_sizeof_voidp[SIZEOF_VOIDP == sizeof(void*) ? 1 : -1];
                                     ^
/System/Library/Frameworks/Ruby.framework/Versions/2.0/usr/include/ruby-2.0.0/universal-darwin15/ruby/config.h:58:22: note: expanded from macro 'SIZEOF_VOIDP'
#define SIZEOF_VOIDP SIZEOF_LONG
                     ^
In file included from conftest.c:1:
In file included from /System/Library/Frameworks/Ruby.framework/Versions/2.0/usr/include/ruby-2.0.0/ruby.h:33:
In file included from /System/Library/Frameworks/Ruby.framework/Versions/2.0/usr/include/ruby-2.0.0/ruby/ruby.h:1568:
In file included from /System/Library/Frameworks/Ruby.framework/Versions/2.0/usr/include/ruby-2.0.0/ruby/intern.h:43:
/System/Library/Frameworks/Ruby.framework/Versions/2.0/usr/include/ruby-2.0.0/ruby/st.h:67:45: error: use of undeclared identifier 'SIZEOF_LONG'
typedef char st_check_for_sizeof_st_index_t[SIZEOF_VOIDP == (int)sizeof(st_index_t) ? 1 : -1];
                                            ^
/System/Library/Frameworks/Ruby.framework/Versions/2.0/usr/include/ruby-2.0.0/universal-darwin15/ruby/config.h:58:22: note: expanded from macro 'SIZEOF_VOIDP'
#define SIZEOF_VOIDP SIZEOF_LONG
                     ^
3 errors generated.
checked program was:
/* begin */
1: #include "ruby.h"
2: 
3: int main(int argc, char **argv)
4: {
5:   return 0;
6: }
/* end */

